<?xml version="1.0" encoding="UTF-8"?>
<!-- Generated by org.testng.reporters.JUnitXMLReporter -->
<testsuite ignored="0" hostname="LAPTOP-S19MSIEA" failures="0" tests="2" name="BankingApp Test" time="37.307" errors="0" timestamp="2022-09-07T11:23:18 IST">
  <testcase classname="com.inetbanking.testcases.TC_LoginTest_001" name="loginTest" time="2.61"/>
  <testcase classname="com.inetbanking.testcases.TC_AddCustomerTest_003" name="addNewCustomer" time="19.943"/>
</testsuite> <!-- BankingApp Test -->
