<?xml version="1.0" encoding="UTF-8"?>
<testng-results ignored="0" total="1" passed="1" failed="0" skipped="0">
  <reporter-output>
  </reporter-output>
  <suite started-at="2022-09-07T12:30:19 IST" name="InetBankingV1" finished-at="2022-09-07T12:30:39 IST" duration-ms="20237">
    <groups>
    </groups>
    <test started-at="2022-09-07T12:30:19 IST" name="BankingApp Test" finished-at="2022-09-07T12:30:39 IST" duration-ms="20237">
      <class name="com.inetbanking.testcases.TC_LoginTest_001">
        <test-method is-config="true" signature="setup(java.lang.String)[pri:0, instance:com.inetbanking.testcases.TC_LoginTest_001@c267ef4]" started-at="2022-09-07T12:30:19 IST" name="setup" finished-at="2022-09-07T12:30:34 IST" duration-ms="14266" status="PASS">
          <params>
            <param index="0">
              <value>
                <![CDATA[chrome]]>
              </value>
            </param>
          </params>
          <reporter-output>
          </reporter-output>
        </test-method> <!-- setup -->
        <test-method signature="loginTest()[pri:0, instance:com.inetbanking.testcases.TC_LoginTest_001@c267ef4]" started-at="2022-09-07T12:30:34 IST" name="loginTest" finished-at="2022-09-07T12:30:38 IST" duration-ms="4599" status="PASS">
          <reporter-output>
          </reporter-output>
        </test-method> <!-- loginTest -->
        <test-method is-config="true" signature="teardown()[pri:0, instance:com.inetbanking.testcases.TC_LoginTest_001@c267ef4]" started-at="2022-09-07T12:30:38 IST" name="teardown" finished-at="2022-09-07T12:30:39 IST" duration-ms="1065" status="PASS">
          <reporter-output>
          </reporter-output>
        </test-method> <!-- teardown -->
      </class> <!-- com.inetbanking.testcases.TC_LoginTest_001 -->
    </test> <!-- BankingApp Test -->
  </suite> <!-- InetBankingV1 -->
</testng-results>
